<?xml version="1.0" encoding="UTF-8"?>
<testsuite xmlns:xsi="http://www.w3.org/2001/XMLSchema-instance" xsi:noNamespaceSchemaLocation="https://maven.apache.org/surefire/maven-surefire-plugin/xsd/surefire-test-report-3.0.xsd" version="3.0" name="org.apache.spark.streaming.JavaDurationSuite" time="0.054" tests="11" errors="0" skipped="0" failures="0">
  <properties>
    <property name="log4j.configuration" value="file:src/test/resources/log4j.properties"/>
    <property name="java.specification.version" value="18"/>
    <property name="sun.jnu.encoding" value="UTF-8"/>
    <property name="java.class.path" value="/home/anton/junitmonitor/test/spark-3.2.0/streaming/target/scala-2.12/test-classes:/home/anton/junitmonitor/test/spark-3.2.0/streaming/target/scala-2.12/classes:/home/anton/.m2/repository/org/apache/spark/spark-core_2.12/3.2.0/spark-core_2.12-3.2.0.jar:/home/anton/.m2/repository/org/apache/avro/avro/1.10.2/avro-1.10.2.jar:/home/anton/.m2/repository/com/fasterxml/jackson/core/jackson-core/2.12.3/jackson-core-2.12.3.jar:/home/anton/.m2/repository/org/apache/commons/commons-compress/1.21/commons-compress-1.21.jar:/home/anton/.m2/repository/org/apache/avro/avro-mapred/1.10.2/avro-mapred-1.10.2.jar:/home/anton/.m2/repository/org/apache/avro/avro-ipc/1.10.2/avro-ipc-1.10.2.jar:/home/anton/.m2/repository/org/tukaani/xz/1.8/xz-1.8.jar:/home/anton/.m2/repository/com/twitter/chill_2.12/0.10.0/chill_2.12-0.10.0.jar:/home/anton/.m2/repository/com/esotericsoftware/kryo-shaded/4.0.2/kryo-shaded-4.0.2.jar:/home/anton/.m2/repository/com/esotericsoftware/minlog/1.3.0/minlog-1.3.0.jar:/home/anton/.m2/repository/com/twitter/chill-java/0.10.0/chill-java-0.10.0.jar:/home/anton/.m2/repository/org/apache/xbean/xbean-asm9-shaded/4.20/xbean-asm9-shaded-4.20.jar:/home/anton/.m2/repository/org/apache/hadoop/hadoop-client-api/3.3.1/hadoop-client-api-3.3.1.jar:/home/anton/.m2/repository/org/apache/hadoop/hadoop-client-runtime/3.3.1/hadoop-client-runtime-3.3.1.jar:/home/anton/.m2/repository/org/apache/htrace/htrace-core4/4.1.0-incubating/htrace-core4-4.1.0-incubating.jar:/home/anton/.m2/repository/commons-logging/commons-logging/1.1.3/commons-logging-1.1.3.jar:/home/anton/.m2/repository/org/apache/spark/spark-launcher_2.12/3.2.0/spark-launcher_2.12-3.2.0.jar:/home/anton/.m2/repository/org/apache/spark/spark-kvstore_2.12/3.2.0/spark-kvstore_2.12-3.2.0.jar:/home/anton/.m2/repository/org/fusesource/leveldbjni/leveldbjni-all/1.8/leveldbjni-all-1.8.jar:/home/anton/.m2/repository/com/fasterxml/jackson/core/jackson-annotations/2.12.3/jackson-annotations-2.12.3.jar:/home/anton/.m2/repository/org/apache/spark/spark-network-common_2.12/3.2.0/spark-network-common_2.12-3.2.0.jar:/home/anton/.m2/repository/com/google/crypto/tink/tink/1.6.0/tink-1.6.0.jar:/home/anton/.m2/repository/com/google/protobuf/protobuf-java/2.5.0/protobuf-java-2.5.0.jar:/home/anton/.m2/repository/com/google/code/gson/gson/2.8.6/gson-2.8.6.jar:/home/anton/.m2/repository/org/apache/spark/spark-network-shuffle_2.12/3.2.0/spark-network-shuffle_2.12-3.2.0.jar:/home/anton/.m2/repository/org/apache/spark/spark-unsafe_2.12/3.2.0/spark-unsafe_2.12-3.2.0.jar:/home/anton/.m2/repository/javax/activation/activation/1.1.1/activation-1.1.1.jar:/home/anton/.m2/repository/org/apache/curator/curator-recipes/2.13.0/curator-recipes-2.13.0.jar:/home/anton/.m2/repository/org/apache/curator/curator-framework/2.13.0/curator-framework-2.13.0.jar:/home/anton/.m2/repository/org/apache/curator/curator-client/2.13.0/curator-client-2.13.0.jar:/home/anton/.m2/repository/org/apache/zookeeper/zookeeper/3.6.2/zookeeper-3.6.2.jar:/home/anton/.m2/repository/commons-lang/commons-lang/2.6/commons-lang-2.6.jar:/home/anton/.m2/repository/org/apache/zookeeper/zookeeper-jute/3.6.2/zookeeper-jute-3.6.2.jar:/home/anton/.m2/repository/org/apache/yetus/audience-annotations/0.5.0/audience-annotations-0.5.0.jar:/home/anton/.m2/repository/jakarta/servlet/jakarta.servlet-api/4.0.3/jakarta.servlet-api-4.0.3.jar:/home/anton/.m2/repository/commons-codec/commons-codec/1.15/commons-codec-1.15.jar:/home/anton/.m2/repository/org/apache/commons/commons-lang3/3.12.0/commons-lang3-3.12.0.jar:/home/anton/.m2/repository/org/apache/commons/commons-math3/3.4.1/commons-math3-3.4.1.jar:/home/anton/.m2/repository/org/apache/commons/commons-text/1.6/commons-text-1.6.jar:/home/anton/.m2/repository/commons-io/commons-io/2.8.0/commons-io-2.8.0.jar:/home/anton/.m2/repository/commons-collections/commons-collections/3.2.2/commons-collections-3.2.2.jar:/home/anton/.m2/repository/com/google/code/findbugs/jsr305/3.0.0/jsr305-3.0.0.jar:/home/anton/.m2/repository/org/slf4j/slf4j-api/1.7.30/slf4j-api-1.7.30.jar:/home/anton/.m2/repository/org/slf4j/jul-to-slf4j/1.7.30/jul-to-slf4j-1.7.30.jar:/home/anton/.m2/repository/org/slf4j/jcl-over-slf4j/1.7.30/jcl-over-slf4j-1.7.30.jar:/home/anton/.m2/repository/log4j/log4j/1.2.17/log4j-1.2.17.jar:/home/anton/.m2/repository/org/slf4j/slf4j-log4j12/1.7.30/slf4j-log4j12-1.7.30.jar:/home/anton/.m2/repository/com/ning/compress-lzf/1.0.3/compress-lzf-1.0.3.jar:/home/anton/.m2/repository/org/xerial/snappy/snappy-java/1.1.8.4/snappy-java-1.1.8.4.jar:/home/anton/.m2/repository/org/lz4/lz4-java/1.7.1/lz4-java-1.7.1.jar:/home/anton/.m2/repository/com/github/luben/zstd-jni/1.5.0-4/zstd-jni-1.5.0-4.jar:/home/anton/.m2/repository/org/roaringbitmap/RoaringBitmap/0.9.0/RoaringBitmap-0.9.0.jar:/home/anton/.m2/repository/org/roaringbitmap/shims/0.9.0/shims-0.9.0.jar:/home/anton/.m2/repository/commons-net/commons-net/3.1/commons-net-3.1.jar:/home/anton/.m2/repository/org/scala-lang/modules/scala-xml_2.12/1.2.0/scala-xml_2.12-1.2.0.jar:/home/anton/.m2/repository/org/scala-lang/scala-reflect/2.12.15/scala-reflect-2.12.15.jar:/home/anton/.m2/repository/org/json4s/json4s-jackson_2.12/3.7.0-M11/json4s-jackson_2.12-3.7.0-M11.jar:/home/anton/.m2/repository/org/json4s/json4s-core_2.12/3.7.0-M11/json4s-core_2.12-3.7.0-M11.jar:/home/anton/.m2/repository/org/json4s/json4s-ast_2.12/3.7.0-M11/json4s-ast_2.12-3.7.0-M11.jar:/home/anton/.m2/repository/org/json4s/json4s-scalap_2.12/3.7.0-M11/json4s-scalap_2.12-3.7.0-M11.jar:/home/anton/.m2/repository/org/glassfish/jersey/core/jersey-client/2.34/jersey-client-2.34.jar:/home/anton/.m2/repository/jakarta/ws/rs/jakarta.ws.rs-api/2.1.6/jakarta.ws.rs-api-2.1.6.jar:/home/anton/.m2/repository/org/glassfish/hk2/external/jakarta.inject/2.6.1/jakarta.inject-2.6.1.jar:/home/anton/.m2/repository/org/glassfish/jersey/core/jersey-common/2.34/jersey-common-2.34.jar:/home/anton/.m2/repository/jakarta/annotation/jakarta.annotation-api/1.3.5/jakarta.annotation-api-1.3.5.jar:/home/anton/.m2/repository/org/glassfish/hk2/osgi-resource-locator/1.0.3/osgi-resource-locator-1.0.3.jar:/home/anton/.m2/repository/org/glassfish/jersey/core/jersey-server/2.34/jersey-server-2.34.jar:/home/anton/.m2/repository/jakarta/validation/jakarta.validation-api/2.0.2/jakarta.validation-api-2.0.2.jar:/home/anton/.m2/repository/org/glassfish/jersey/containers/jersey-container-servlet/2.34/jersey-container-servlet-2.34.jar:/home/anton/.m2/repository/org/glassfish/jersey/containers/jersey-container-servlet-core/2.34/jersey-container-servlet-core-2.34.jar:/home/anton/.m2/repository/org/glassfish/jersey/inject/jersey-hk2/2.34/jersey-hk2-2.34.jar:/home/anton/.m2/repository/org/glassfish/hk2/hk2-locator/2.6.1/hk2-locator-2.6.1.jar:/home/anton/.m2/repository/org/glassfish/hk2/external/aopalliance-repackaged/2.6.1/aopalliance-repackaged-2.6.1.jar:/home/anton/.m2/repository/org/glassfish/hk2/hk2-api/2.6.1/hk2-api-2.6.1.jar:/home/anton/.m2/repository/org/glassfish/hk2/hk2-utils/2.6.1/hk2-utils-2.6.1.jar:/home/anton/.m2/repository/org/javassist/javassist/3.25.0-GA/javassist-3.25.0-GA.jar:/home/anton/.m2/repository/io/netty/netty-all/4.1.68.Final/netty-all-4.1.68.Final.jar:/home/anton/.m2/repository/com/clearspring/analytics/stream/2.9.6/stream-2.9.6.jar:/home/anton/.m2/repository/io/dropwizard/metrics/metrics-core/4.2.0/metrics-core-4.2.0.jar:/home/anton/.m2/repository/io/dropwizard/metrics/metrics-jvm/4.2.0/metrics-jvm-4.2.0.jar:/home/anton/.m2/repository/io/dropwizard/metrics/metrics-json/4.2.0/metrics-json-4.2.0.jar:/home/anton/.m2/repository/io/dropwizard/metrics/metrics-graphite/4.2.0/metrics-graphite-4.2.0.jar:/home/anton/.m2/repository/io/dropwizard/metrics/metrics-jmx/4.2.0/metrics-jmx-4.2.0.jar:/home/anton/.m2/repository/com/fasterxml/jackson/core/jackson-databind/2.12.3/jackson-databind-2.12.3.jar:/home/anton/.m2/repository/com/fasterxml/jackson/module/jackson-module-scala_2.12/2.12.3/jackson-module-scala_2.12-2.12.3.jar:/home/anton/.m2/repository/com/thoughtworks/paranamer/paranamer/2.8/paranamer-2.8.jar:/home/anton/.m2/repository/org/apache/ivy/ivy/2.5.0/ivy-2.5.0.jar:/home/anton/.m2/repository/oro/oro/2.0.8/oro-2.0.8.jar:/home/anton/.m2/repository/net/razorvine/pyrolite/4.30/pyrolite-4.30.jar:/home/anton/.m2/repository/net/sf/py4j/py4j/0.10.9.2/py4j-0.10.9.2.jar:/home/anton/.m2/repository/org/apache/commons/commons-crypto/1.1.0/commons-crypto-1.1.0.jar:/home/anton/.m2/repository/org/apache/spark/spark-core_2.12/3.2.0/spark-core_2.12-3.2.0-tests.jar:/home/anton/.m2/repository/org/apache/spark/spark-tags_2.12/3.2.0/spark-tags_2.12-3.2.0.jar:/home/anton/.m2/repository/org/apache/spark/spark-tags_2.12/3.2.0/spark-tags_2.12-3.2.0-tests.jar:/home/anton/.m2/repository/com/google/guava/guava/14.0.1/guava-14.0.1.jar:/home/anton/.m2/repository/org/eclipse/jetty/jetty-server/9.4.43.v20210629/jetty-server-9.4.43.v20210629.jar:/home/anton/.m2/repository/javax/servlet/javax.servlet-api/3.1.0/javax.servlet-api-3.1.0.jar:/home/anton/.m2/repository/org/eclipse/jetty/jetty-io/9.4.43.v20210629/jetty-io-9.4.43.v20210629.jar:/home/anton/.m2/repository/org/eclipse/jetty/jetty-plus/9.4.43.v20210629/jetty-plus-9.4.43.v20210629.jar:/home/anton/.m2/repository/org/eclipse/jetty/jetty-webapp/9.4.43.v20210629/jetty-webapp-9.4.43.v20210629.jar:/home/anton/.m2/repository/org/eclipse/jetty/jetty-xml/9.4.43.v20210629/jetty-xml-9.4.43.v20210629.jar:/home/anton/.m2/repository/org/eclipse/jetty/jetty-jndi/9.4.43.v20210629/jetty-jndi-9.4.43.v20210629.jar:/home/anton/.m2/repository/org/eclipse/jetty/jetty-util/9.4.43.v20210629/jetty-util-9.4.43.v20210629.jar:/home/anton/.m2/repository/org/eclipse/jetty/jetty-http/9.4.43.v20210629/jetty-http-9.4.43.v20210629.jar:/home/anton/.m2/repository/org/eclipse/jetty/jetty-servlet/9.4.43.v20210629/jetty-servlet-9.4.43.v20210629.jar:/home/anton/.m2/repository/org/eclipse/jetty/jetty-security/9.4.43.v20210629/jetty-security-9.4.43.v20210629.jar:/home/anton/.m2/repository/org/eclipse/jetty/jetty-util-ajax/9.4.43.v20210629/jetty-util-ajax-9.4.43.v20210629.jar:/home/anton/.m2/repository/org/eclipse/jetty/jetty-servlets/9.4.43.v20210629/jetty-servlets-9.4.43.v20210629.jar:/home/anton/.m2/repository/org/eclipse/jetty/jetty-continuation/9.4.43.v20210629/jetty-continuation-9.4.43.v20210629.jar:/home/anton/.m2/repository/org/scala-lang/scala-library/2.12.15/scala-library-2.12.15.jar:/home/anton/.m2/repository/org/scalacheck/scalacheck_2.12/1.15.4/scalacheck_2.12-1.15.4.jar:/home/anton/.m2/repository/org/scala-sbt/test-interface/1.0/test-interface-1.0.jar:/home/anton/.m2/repository/org/seleniumhq/selenium/selenium-java/3.141.59/selenium-java-3.141.59.jar:/home/anton/.m2/repository/org/seleniumhq/selenium/selenium-api/3.141.59/selenium-api-3.141.59.jar:/home/anton/.m2/repository/org/seleniumhq/selenium/selenium-chrome-driver/3.141.59/selenium-chrome-driver-3.141.59.jar:/home/anton/.m2/repository/org/seleniumhq/selenium/selenium-edge-driver/3.141.59/selenium-edge-driver-3.141.59.jar:/home/anton/.m2/repository/org/seleniumhq/selenium/selenium-firefox-driver/3.141.59/selenium-firefox-driver-3.141.59.jar:/home/anton/.m2/repository/org/seleniumhq/selenium/selenium-ie-driver/3.141.59/selenium-ie-driver-3.141.59.jar:/home/anton/.m2/repository/org/seleniumhq/selenium/selenium-opera-driver/3.141.59/selenium-opera-driver-3.141.59.jar:/home/anton/.m2/repository/org/seleniumhq/selenium/selenium-remote-driver/3.141.59/selenium-remote-driver-3.141.59.jar:/home/anton/.m2/repository/org/seleniumhq/selenium/selenium-safari-driver/3.141.59/selenium-safari-driver-3.141.59.jar:/home/anton/.m2/repository/org/seleniumhq/selenium/selenium-support/3.141.59/selenium-support-3.141.59.jar:/home/anton/.m2/repository/org/apache/commons/commons-exec/1.3/commons-exec-1.3.jar:/home/anton/.m2/repository/com/squareup/okhttp3/okhttp/3.11.0/okhttp-3.11.0.jar:/home/anton/.m2/repository/com/squareup/okio/okio/1.14.0/okio-1.14.0.jar:/home/anton/.m2/repository/org/seleniumhq/selenium/htmlunit-driver/2.50.0/htmlunit-driver-2.50.0.jar:/home/anton/.m2/repository/net/sourceforge/htmlunit/htmlunit/2.50.0/htmlunit-2.50.0.jar:/home/anton/.m2/repository/xalan/xalan/2.7.2/xalan-2.7.2.jar:/home/anton/.m2/repository/xalan/serializer/2.7.2/serializer-2.7.2.jar:/home/anton/.m2/repository/org/apache/httpcomponents/httpmime/4.5.13/httpmime-4.5.13.jar:/home/anton/.m2/repository/org/apache/httpcomponents/httpclient/4.5.13/httpclient-4.5.13.jar:/home/anton/.m2/repository/org/apache/httpcomponents/httpcore/4.4.14/httpcore-4.4.14.jar:/home/anton/.m2/repository/net/sourceforge/htmlunit/htmlunit-core-js/2.50.0/htmlunit-core-js-2.50.0.jar:/home/anton/.m2/repository/net/sourceforge/htmlunit/neko-htmlunit/2.50.0/neko-htmlunit-2.50.0.jar:/home/anton/.m2/repository/xerces/xercesImpl/2.12.0/xercesImpl-2.12.0.jar:/home/anton/.m2/repository/xml-apis/xml-apis/1.4.01/xml-apis-1.4.01.jar:/home/anton/.m2/repository/net/sourceforge/htmlunit/htmlunit-cssparser/1.7.0/htmlunit-cssparser-1.7.0.jar:/home/anton/.m2/repository/org/brotli/dec/0.1.2/dec-0.1.2.jar:/home/anton/.m2/repository/com/shapesecurity/salvation2/3.0.0/salvation2-3.0.0.jar:/home/anton/.m2/repository/org/eclipse/jetty/websocket/websocket-client/9.4.40.v20210413/websocket-client-9.4.40.v20210413.jar:/home/anton/.m2/repository/org/eclipse/jetty/jetty-client/9.4.43.v20210629/jetty-client-9.4.43.v20210629.jar:/home/anton/.m2/repository/org/eclipse/jetty/websocket/websocket-common/9.4.40.v20210413/websocket-common-9.4.40.v20210413.jar:/home/anton/.m2/repository/org/eclipse/jetty/websocket/websocket-api/9.4.40.v20210413/websocket-api-9.4.40.v20210413.jar:/home/anton/.m2/repository/org/mockito/mockito-core/3.4.6/mockito-core-3.4.6.jar:/home/anton/.m2/repository/net/bytebuddy/byte-buddy/1.10.13/byte-buddy-1.10.13.jar:/home/anton/.m2/repository/net/bytebuddy/byte-buddy-agent/1.10.13/byte-buddy-agent-1.10.13.jar:/home/anton/.m2/repository/org/objenesis/objenesis/2.6/objenesis-2.6.jar:/home/anton/.m2/repository/org/spark-project/spark/unused/1.0.0/unused-1.0.0.jar:/home/anton/.m2/repository/org/scalatest/scalatest_2.12/3.2.9/scalatest_2.12-3.2.9.jar:/home/anton/.m2/repository/org/scalatest/scalatest-core_2.12/3.2.9/scalatest-core_2.12-3.2.9.jar:/home/anton/.m2/repository/org/scalatest/scalatest-compatible/3.2.9/scalatest-compatible-3.2.9.jar:/home/anton/.m2/repository/org/scalactic/scalactic_2.12/3.2.9/scalactic_2.12-3.2.9.jar:/home/anton/.m2/repository/org/scalatest/scalatest-featurespec_2.12/3.2.9/scalatest-featurespec_2.12-3.2.9.jar:/home/anton/.m2/repository/org/scalatest/scalatest-flatspec_2.12/3.2.9/scalatest-flatspec_2.12-3.2.9.jar:/home/anton/.m2/repository/org/scalatest/scalatest-freespec_2.12/3.2.9/scalatest-freespec_2.12-3.2.9.jar:/home/anton/.m2/repository/org/scalatest/scalatest-funsuite_2.12/3.2.9/scalatest-funsuite_2.12-3.2.9.jar:/home/anton/.m2/repository/org/scalatest/scalatest-funspec_2.12/3.2.9/scalatest-funspec_2.12-3.2.9.jar:/home/anton/.m2/repository/org/scalatest/scalatest-propspec_2.12/3.2.9/scalatest-propspec_2.12-3.2.9.jar:/home/anton/.m2/repository/org/scalatest/scalatest-refspec_2.12/3.2.9/scalatest-refspec_2.12-3.2.9.jar:/home/anton/.m2/repository/org/scalatest/scalatest-wordspec_2.12/3.2.9/scalatest-wordspec_2.12-3.2.9.jar:/home/anton/.m2/repository/org/scalatest/scalatest-diagrams_2.12/3.2.9/scalatest-diagrams_2.12-3.2.9.jar:/home/anton/.m2/repository/org/scalatest/scalatest-matchers-core_2.12/3.2.9/scalatest-matchers-core_2.12-3.2.9.jar:/home/anton/.m2/repository/org/scalatest/scalatest-shouldmatchers_2.12/3.2.9/scalatest-shouldmatchers_2.12-3.2.9.jar:/home/anton/.m2/repository/org/scalatest/scalatest-mustmatchers_2.12/3.2.9/scalatest-mustmatchers_2.12-3.2.9.jar:/home/anton/.m2/repository/org/scalatestplus/scalacheck-1-15_2.12/3.2.9.0/scalacheck-1-15_2.12-3.2.9.0.jar:/home/anton/.m2/repository/org/scalatestplus/mockito-3-4_2.12/3.2.9.0/mockito-3-4_2.12-3.2.9.0.jar:/home/anton/.m2/repository/org/scalatestplus/selenium-3-141_2.12/3.2.9.0/selenium-3-141_2.12-3.2.9.0.jar:/home/anton/.m2/repository/junit/junit/4.13.1/junit-4.13.1.jar:/home/anton/.m2/repository/org/hamcrest/hamcrest-core/1.3/hamcrest-core-1.3.jar:/home/anton/.m2/repository/com/novocode/junit-interface/0.11/junit-interface-0.11.jar:"/>
    <property name="java.vm.vendor" value="Private Build"/>
    <property name="sun.arch.data.model" value="64"/>
    <property name="spark.master.rest.enabled" value="false"/>
    <property name="spark.memory.debugFill" value="true"/>
    <property name="java.vendor.url" value="Unknown"/>
    <property name="os.name" value="Linux"/>
    <property name="java.vm.specification.version" value="18"/>
    <property name="sun.java.launcher" value="SUN_STANDARD"/>
    <property name="user.country" value="US"/>
    <property name="sun.boot.library.path" value="/usr/lib/jvm/java-18-openjdk-amd64/lib"/>
    <property name="sun.java.command" value="/home/anton/junitmonitor/test/spark-3.2.0/streaming/target/surefire/surefirebooter3938781667047928747.jar /home/anton/junitmonitor/test/spark-3.2.0/streaming/target/surefire 2021-12-20T04-15-30_437-jvmRun1 surefire11009273339247869736tmp surefire_01931581631257851935tmp"/>
    <property name="jdk.debug" value="release"/>
    <property name="surefire.test.class.path" value="/home/anton/junitmonitor/test/spark-3.2.0/streaming/target/scala-2.12/test-classes:/home/anton/junitmonitor/test/spark-3.2.0/streaming/target/scala-2.12/classes:/home/anton/.m2/repository/org/apache/spark/spark-core_2.12/3.2.0/spark-core_2.12-3.2.0.jar:/home/anton/.m2/repository/org/apache/avro/avro/1.10.2/avro-1.10.2.jar:/home/anton/.m2/repository/com/fasterxml/jackson/core/jackson-core/2.12.3/jackson-core-2.12.3.jar:/home/anton/.m2/repository/org/apache/commons/commons-compress/1.21/commons-compress-1.21.jar:/home/anton/.m2/repository/org/apache/avro/avro-mapred/1.10.2/avro-mapred-1.10.2.jar:/home/anton/.m2/repository/org/apache/avro/avro-ipc/1.10.2/avro-ipc-1.10.2.jar:/home/anton/.m2/repository/org/tukaani/xz/1.8/xz-1.8.jar:/home/anton/.m2/repository/com/twitter/chill_2.12/0.10.0/chill_2.12-0.10.0.jar:/home/anton/.m2/repository/com/esotericsoftware/kryo-shaded/4.0.2/kryo-shaded-4.0.2.jar:/home/anton/.m2/repository/com/esotericsoftware/minlog/1.3.0/minlog-1.3.0.jar:/home/anton/.m2/repository/com/twitter/chill-java/0.10.0/chill-java-0.10.0.jar:/home/anton/.m2/repository/org/apache/xbean/xbean-asm9-shaded/4.20/xbean-asm9-shaded-4.20.jar:/home/anton/.m2/repository/org/apache/hadoop/hadoop-client-api/3.3.1/hadoop-client-api-3.3.1.jar:/home/anton/.m2/repository/org/apache/hadoop/hadoop-client-runtime/3.3.1/hadoop-client-runtime-3.3.1.jar:/home/anton/.m2/repository/org/apache/htrace/htrace-core4/4.1.0-incubating/htrace-core4-4.1.0-incubating.jar:/home/anton/.m2/repository/commons-logging/commons-logging/1.1.3/commons-logging-1.1.3.jar:/home/anton/.m2/repository/org/apache/spark/spark-launcher_2.12/3.2.0/spark-launcher_2.12-3.2.0.jar:/home/anton/.m2/repository/org/apache/spark/spark-kvstore_2.12/3.2.0/spark-kvstore_2.12-3.2.0.jar:/home/anton/.m2/repository/org/fusesource/leveldbjni/leveldbjni-all/1.8/leveldbjni-all-1.8.jar:/home/anton/.m2/repository/com/fasterxml/jackson/core/jackson-annotations/2.12.3/jackson-annotations-2.12.3.jar:/home/anton/.m2/repository/org/apache/spark/spark-network-common_2.12/3.2.0/spark-network-common_2.12-3.2.0.jar:/home/anton/.m2/repository/com/google/crypto/tink/tink/1.6.0/tink-1.6.0.jar:/home/anton/.m2/repository/com/google/protobuf/protobuf-java/2.5.0/protobuf-java-2.5.0.jar:/home/anton/.m2/repository/com/google/code/gson/gson/2.8.6/gson-2.8.6.jar:/home/anton/.m2/repository/org/apache/spark/spark-network-shuffle_2.12/3.2.0/spark-network-shuffle_2.12-3.2.0.jar:/home/anton/.m2/repository/org/apache/spark/spark-unsafe_2.12/3.2.0/spark-unsafe_2.12-3.2.0.jar:/home/anton/.m2/repository/javax/activation/activation/1.1.1/activation-1.1.1.jar:/home/anton/.m2/repository/org/apache/curator/curator-recipes/2.13.0/curator-recipes-2.13.0.jar:/home/anton/.m2/repository/org/apache/curator/curator-framework/2.13.0/curator-framework-2.13.0.jar:/home/anton/.m2/repository/org/apache/curator/curator-client/2.13.0/curator-client-2.13.0.jar:/home/anton/.m2/repository/org/apache/zookeeper/zookeeper/3.6.2/zookeeper-3.6.2.jar:/home/anton/.m2/repository/commons-lang/commons-lang/2.6/commons-lang-2.6.jar:/home/anton/.m2/repository/org/apache/zookeeper/zookeeper-jute/3.6.2/zookeeper-jute-3.6.2.jar:/home/anton/.m2/repository/org/apache/yetus/audience-annotations/0.5.0/audience-annotations-0.5.0.jar:/home/anton/.m2/repository/jakarta/servlet/jakarta.servlet-api/4.0.3/jakarta.servlet-api-4.0.3.jar:/home/anton/.m2/repository/commons-codec/commons-codec/1.15/commons-codec-1.15.jar:/home/anton/.m2/repository/org/apache/commons/commons-lang3/3.12.0/commons-lang3-3.12.0.jar:/home/anton/.m2/repository/org/apache/commons/commons-math3/3.4.1/commons-math3-3.4.1.jar:/home/anton/.m2/repository/org/apache/commons/commons-text/1.6/commons-text-1.6.jar:/home/anton/.m2/repository/commons-io/commons-io/2.8.0/commons-io-2.8.0.jar:/home/anton/.m2/repository/commons-collections/commons-collections/3.2.2/commons-collections-3.2.2.jar:/home/anton/.m2/repository/com/google/code/findbugs/jsr305/3.0.0/jsr305-3.0.0.jar:/home/anton/.m2/repository/org/slf4j/slf4j-api/1.7.30/slf4j-api-1.7.30.jar:/home/anton/.m2/repository/org/slf4j/jul-to-slf4j/1.7.30/jul-to-slf4j-1.7.30.jar:/home/anton/.m2/repository/org/slf4j/jcl-over-slf4j/1.7.30/jcl-over-slf4j-1.7.30.jar:/home/anton/.m2/repository/log4j/log4j/1.2.17/log4j-1.2.17.jar:/home/anton/.m2/repository/org/slf4j/slf4j-log4j12/1.7.30/slf4j-log4j12-1.7.30.jar:/home/anton/.m2/repository/com/ning/compress-lzf/1.0.3/compress-lzf-1.0.3.jar:/home/anton/.m2/repository/org/xerial/snappy/snappy-java/1.1.8.4/snappy-java-1.1.8.4.jar:/home/anton/.m2/repository/org/lz4/lz4-java/1.7.1/lz4-java-1.7.1.jar:/home/anton/.m2/repository/com/github/luben/zstd-jni/1.5.0-4/zstd-jni-1.5.0-4.jar:/home/anton/.m2/repository/org/roaringbitmap/RoaringBitmap/0.9.0/RoaringBitmap-0.9.0.jar:/home/anton/.m2/repository/org/roaringbitmap/shims/0.9.0/shims-0.9.0.jar:/home/anton/.m2/repository/commons-net/commons-net/3.1/commons-net-3.1.jar:/home/anton/.m2/repository/org/scala-lang/modules/scala-xml_2.12/1.2.0/scala-xml_2.12-1.2.0.jar:/home/anton/.m2/repository/org/scala-lang/scala-reflect/2.12.15/scala-reflect-2.12.15.jar:/home/anton/.m2/repository/org/json4s/json4s-jackson_2.12/3.7.0-M11/json4s-jackson_2.12-3.7.0-M11.jar:/home/anton/.m2/repository/org/json4s/json4s-core_2.12/3.7.0-M11/json4s-core_2.12-3.7.0-M11.jar:/home/anton/.m2/repository/org/json4s/json4s-ast_2.12/3.7.0-M11/json4s-ast_2.12-3.7.0-M11.jar:/home/anton/.m2/repository/org/json4s/json4s-scalap_2.12/3.7.0-M11/json4s-scalap_2.12-3.7.0-M11.jar:/home/anton/.m2/repository/org/glassfish/jersey/core/jersey-client/2.34/jersey-client-2.34.jar:/home/anton/.m2/repository/jakarta/ws/rs/jakarta.ws.rs-api/2.1.6/jakarta.ws.rs-api-2.1.6.jar:/home/anton/.m2/repository/org/glassfish/hk2/external/jakarta.inject/2.6.1/jakarta.inject-2.6.1.jar:/home/anton/.m2/repository/org/glassfish/jersey/core/jersey-common/2.34/jersey-common-2.34.jar:/home/anton/.m2/repository/jakarta/annotation/jakarta.annotation-api/1.3.5/jakarta.annotation-api-1.3.5.jar:/home/anton/.m2/repository/org/glassfish/hk2/osgi-resource-locator/1.0.3/osgi-resource-locator-1.0.3.jar:/home/anton/.m2/repository/org/glassfish/jersey/core/jersey-server/2.34/jersey-server-2.34.jar:/home/anton/.m2/repository/jakarta/validation/jakarta.validation-api/2.0.2/jakarta.validation-api-2.0.2.jar:/home/anton/.m2/repository/org/glassfish/jersey/containers/jersey-container-servlet/2.34/jersey-container-servlet-2.34.jar:/home/anton/.m2/repository/org/glassfish/jersey/containers/jersey-container-servlet-core/2.34/jersey-container-servlet-core-2.34.jar:/home/anton/.m2/repository/org/glassfish/jersey/inject/jersey-hk2/2.34/jersey-hk2-2.34.jar:/home/anton/.m2/repository/org/glassfish/hk2/hk2-locator/2.6.1/hk2-locator-2.6.1.jar:/home/anton/.m2/repository/org/glassfish/hk2/external/aopalliance-repackaged/2.6.1/aopalliance-repackaged-2.6.1.jar:/home/anton/.m2/repository/org/glassfish/hk2/hk2-api/2.6.1/hk2-api-2.6.1.jar:/home/anton/.m2/repository/org/glassfish/hk2/hk2-utils/2.6.1/hk2-utils-2.6.1.jar:/home/anton/.m2/repository/org/javassist/javassist/3.25.0-GA/javassist-3.25.0-GA.jar:/home/anton/.m2/repository/io/netty/netty-all/4.1.68.Final/netty-all-4.1.68.Final.jar:/home/anton/.m2/repository/com/clearspring/analytics/stream/2.9.6/stream-2.9.6.jar:/home/anton/.m2/repository/io/dropwizard/metrics/metrics-core/4.2.0/metrics-core-4.2.0.jar:/home/anton/.m2/repository/io/dropwizard/metrics/metrics-jvm/4.2.0/metrics-jvm-4.2.0.jar:/home/anton/.m2/repository/io/dropwizard/metrics/metrics-json/4.2.0/metrics-json-4.2.0.jar:/home/anton/.m2/repository/io/dropwizard/metrics/metrics-graphite/4.2.0/metrics-graphite-4.2.0.jar:/home/anton/.m2/repository/io/dropwizard/metrics/metrics-jmx/4.2.0/metrics-jmx-4.2.0.jar:/home/anton/.m2/repository/com/fasterxml/jackson/core/jackson-databind/2.12.3/jackson-databind-2.12.3.jar:/home/anton/.m2/repository/com/fasterxml/jackson/module/jackson-module-scala_2.12/2.12.3/jackson-module-scala_2.12-2.12.3.jar:/home/anton/.m2/repository/com/thoughtworks/paranamer/paranamer/2.8/paranamer-2.8.jar:/home/anton/.m2/repository/org/apache/ivy/ivy/2.5.0/ivy-2.5.0.jar:/home/anton/.m2/repository/oro/oro/2.0.8/oro-2.0.8.jar:/home/anton/.m2/repository/net/razorvine/pyrolite/4.30/pyrolite-4.30.jar:/home/anton/.m2/repository/net/sf/py4j/py4j/0.10.9.2/py4j-0.10.9.2.jar:/home/anton/.m2/repository/org/apache/commons/commons-crypto/1.1.0/commons-crypto-1.1.0.jar:/home/anton/.m2/repository/org/apache/spark/spark-core_2.12/3.2.0/spark-core_2.12-3.2.0-tests.jar:/home/anton/.m2/repository/org/apache/spark/spark-tags_2.12/3.2.0/spark-tags_2.12-3.2.0.jar:/home/anton/.m2/repository/org/apache/spark/spark-tags_2.12/3.2.0/spark-tags_2.12-3.2.0-tests.jar:/home/anton/.m2/repository/com/google/guava/guava/14.0.1/guava-14.0.1.jar:/home/anton/.m2/repository/org/eclipse/jetty/jetty-server/9.4.43.v20210629/jetty-server-9.4.43.v20210629.jar:/home/anton/.m2/repository/javax/servlet/javax.servlet-api/3.1.0/javax.servlet-api-3.1.0.jar:/home/anton/.m2/repository/org/eclipse/jetty/jetty-io/9.4.43.v20210629/jetty-io-9.4.43.v20210629.jar:/home/anton/.m2/repository/org/eclipse/jetty/jetty-plus/9.4.43.v20210629/jetty-plus-9.4.43.v20210629.jar:/home/anton/.m2/repository/org/eclipse/jetty/jetty-webapp/9.4.43.v20210629/jetty-webapp-9.4.43.v20210629.jar:/home/anton/.m2/repository/org/eclipse/jetty/jetty-xml/9.4.43.v20210629/jetty-xml-9.4.43.v20210629.jar:/home/anton/.m2/repository/org/eclipse/jetty/jetty-jndi/9.4.43.v20210629/jetty-jndi-9.4.43.v20210629.jar:/home/anton/.m2/repository/org/eclipse/jetty/jetty-util/9.4.43.v20210629/jetty-util-9.4.43.v20210629.jar:/home/anton/.m2/repository/org/eclipse/jetty/jetty-http/9.4.43.v20210629/jetty-http-9.4.43.v20210629.jar:/home/anton/.m2/repository/org/eclipse/jetty/jetty-servlet/9.4.43.v20210629/jetty-servlet-9.4.43.v20210629.jar:/home/anton/.m2/repository/org/eclipse/jetty/jetty-security/9.4.43.v20210629/jetty-security-9.4.43.v20210629.jar:/home/anton/.m2/repository/org/eclipse/jetty/jetty-util-ajax/9.4.43.v20210629/jetty-util-ajax-9.4.43.v20210629.jar:/home/anton/.m2/repository/org/eclipse/jetty/jetty-servlets/9.4.43.v20210629/jetty-servlets-9.4.43.v20210629.jar:/home/anton/.m2/repository/org/eclipse/jetty/jetty-continuation/9.4.43.v20210629/jetty-continuation-9.4.43.v20210629.jar:/home/anton/.m2/repository/org/scala-lang/scala-library/2.12.15/scala-library-2.12.15.jar:/home/anton/.m2/repository/org/scalacheck/scalacheck_2.12/1.15.4/scalacheck_2.12-1.15.4.jar:/home/anton/.m2/repository/org/scala-sbt/test-interface/1.0/test-interface-1.0.jar:/home/anton/.m2/repository/org/seleniumhq/selenium/selenium-java/3.141.59/selenium-java-3.141.59.jar:/home/anton/.m2/repository/org/seleniumhq/selenium/selenium-api/3.141.59/selenium-api-3.141.59.jar:/home/anton/.m2/repository/org/seleniumhq/selenium/selenium-chrome-driver/3.141.59/selenium-chrome-driver-3.141.59.jar:/home/anton/.m2/repository/org/seleniumhq/selenium/selenium-edge-driver/3.141.59/selenium-edge-driver-3.141.59.jar:/home/anton/.m2/repository/org/seleniumhq/selenium/selenium-firefox-driver/3.141.59/selenium-firefox-driver-3.141.59.jar:/home/anton/.m2/repository/org/seleniumhq/selenium/selenium-ie-driver/3.141.59/selenium-ie-driver-3.141.59.jar:/home/anton/.m2/repository/org/seleniumhq/selenium/selenium-opera-driver/3.141.59/selenium-opera-driver-3.141.59.jar:/home/anton/.m2/repository/org/seleniumhq/selenium/selenium-remote-driver/3.141.59/selenium-remote-driver-3.141.59.jar:/home/anton/.m2/repository/org/seleniumhq/selenium/selenium-safari-driver/3.141.59/selenium-safari-driver-3.141.59.jar:/home/anton/.m2/repository/org/seleniumhq/selenium/selenium-support/3.141.59/selenium-support-3.141.59.jar:/home/anton/.m2/repository/org/apache/commons/commons-exec/1.3/commons-exec-1.3.jar:/home/anton/.m2/repository/com/squareup/okhttp3/okhttp/3.11.0/okhttp-3.11.0.jar:/home/anton/.m2/repository/com/squareup/okio/okio/1.14.0/okio-1.14.0.jar:/home/anton/.m2/repository/org/seleniumhq/selenium/htmlunit-driver/2.50.0/htmlunit-driver-2.50.0.jar:/home/anton/.m2/repository/net/sourceforge/htmlunit/htmlunit/2.50.0/htmlunit-2.50.0.jar:/home/anton/.m2/repository/xalan/xalan/2.7.2/xalan-2.7.2.jar:/home/anton/.m2/repository/xalan/serializer/2.7.2/serializer-2.7.2.jar:/home/anton/.m2/repository/org/apache/httpcomponents/httpmime/4.5.13/httpmime-4.5.13.jar:/home/anton/.m2/repository/org/apache/httpcomponents/httpclient/4.5.13/httpclient-4.5.13.jar:/home/anton/.m2/repository/org/apache/httpcomponents/httpcore/4.4.14/httpcore-4.4.14.jar:/home/anton/.m2/repository/net/sourceforge/htmlunit/htmlunit-core-js/2.50.0/htmlunit-core-js-2.50.0.jar:/home/anton/.m2/repository/net/sourceforge/htmlunit/neko-htmlunit/2.50.0/neko-htmlunit-2.50.0.jar:/home/anton/.m2/repository/xerces/xercesImpl/2.12.0/xercesImpl-2.12.0.jar:/home/anton/.m2/repository/xml-apis/xml-apis/1.4.01/xml-apis-1.4.01.jar:/home/anton/.m2/repository/net/sourceforge/htmlunit/htmlunit-cssparser/1.7.0/htmlunit-cssparser-1.7.0.jar:/home/anton/.m2/repository/org/brotli/dec/0.1.2/dec-0.1.2.jar:/home/anton/.m2/repository/com/shapesecurity/salvation2/3.0.0/salvation2-3.0.0.jar:/home/anton/.m2/repository/org/eclipse/jetty/websocket/websocket-client/9.4.40.v20210413/websocket-client-9.4.40.v20210413.jar:/home/anton/.m2/repository/org/eclipse/jetty/jetty-client/9.4.43.v20210629/jetty-client-9.4.43.v20210629.jar:/home/anton/.m2/repository/org/eclipse/jetty/websocket/websocket-common/9.4.40.v20210413/websocket-common-9.4.40.v20210413.jar:/home/anton/.m2/repository/org/eclipse/jetty/websocket/websocket-api/9.4.40.v20210413/websocket-api-9.4.40.v20210413.jar:/home/anton/.m2/repository/org/mockito/mockito-core/3.4.6/mockito-core-3.4.6.jar:/home/anton/.m2/repository/net/bytebuddy/byte-buddy/1.10.13/byte-buddy-1.10.13.jar:/home/anton/.m2/repository/net/bytebuddy/byte-buddy-agent/1.10.13/byte-buddy-agent-1.10.13.jar:/home/anton/.m2/repository/org/objenesis/objenesis/2.6/objenesis-2.6.jar:/home/anton/.m2/repository/org/spark-project/spark/unused/1.0.0/unused-1.0.0.jar:/home/anton/.m2/repository/org/scalatest/scalatest_2.12/3.2.9/scalatest_2.12-3.2.9.jar:/home/anton/.m2/repository/org/scalatest/scalatest-core_2.12/3.2.9/scalatest-core_2.12-3.2.9.jar:/home/anton/.m2/repository/org/scalatest/scalatest-compatible/3.2.9/scalatest-compatible-3.2.9.jar:/home/anton/.m2/repository/org/scalactic/scalactic_2.12/3.2.9/scalactic_2.12-3.2.9.jar:/home/anton/.m2/repository/org/scalatest/scalatest-featurespec_2.12/3.2.9/scalatest-featurespec_2.12-3.2.9.jar:/home/anton/.m2/repository/org/scalatest/scalatest-flatspec_2.12/3.2.9/scalatest-flatspec_2.12-3.2.9.jar:/home/anton/.m2/repository/org/scalatest/scalatest-freespec_2.12/3.2.9/scalatest-freespec_2.12-3.2.9.jar:/home/anton/.m2/repository/org/scalatest/scalatest-funsuite_2.12/3.2.9/scalatest-funsuite_2.12-3.2.9.jar:/home/anton/.m2/repository/org/scalatest/scalatest-funspec_2.12/3.2.9/scalatest-funspec_2.12-3.2.9.jar:/home/anton/.m2/repository/org/scalatest/scalatest-propspec_2.12/3.2.9/scalatest-propspec_2.12-3.2.9.jar:/home/anton/.m2/repository/org/scalatest/scalatest-refspec_2.12/3.2.9/scalatest-refspec_2.12-3.2.9.jar:/home/anton/.m2/repository/org/scalatest/scalatest-wordspec_2.12/3.2.9/scalatest-wordspec_2.12-3.2.9.jar:/home/anton/.m2/repository/org/scalatest/scalatest-diagrams_2.12/3.2.9/scalatest-diagrams_2.12-3.2.9.jar:/home/anton/.m2/repository/org/scalatest/scalatest-matchers-core_2.12/3.2.9/scalatest-matchers-core_2.12-3.2.9.jar:/home/anton/.m2/repository/org/scalatest/scalatest-shouldmatchers_2.12/3.2.9/scalatest-shouldmatchers_2.12-3.2.9.jar:/home/anton/.m2/repository/org/scalatest/scalatest-mustmatchers_2.12/3.2.9/scalatest-mustmatchers_2.12-3.2.9.jar:/home/anton/.m2/repository/org/scalatestplus/scalacheck-1-15_2.12/3.2.9.0/scalacheck-1-15_2.12-3.2.9.0.jar:/home/anton/.m2/repository/org/scalatestplus/mockito-3-4_2.12/3.2.9.0/mockito-3-4_2.12-3.2.9.0.jar:/home/anton/.m2/repository/org/scalatestplus/selenium-3-141_2.12/3.2.9.0/selenium-3-141_2.12-3.2.9.0.jar:/home/anton/.m2/repository/junit/junit/4.13.1/junit-4.13.1.jar:/home/anton/.m2/repository/org/hamcrest/hamcrest-core/1.3/hamcrest-core-1.3.jar:/home/anton/.m2/repository/com/novocode/junit-interface/0.11/junit-interface-0.11.jar:"/>
    <property name="sun.cpu.endian" value="little"/>
    <property name="io.netty.tryReflectionSetAccessible" value="true"/>
    <property name="user.home" value="/home/anton"/>
    <property name="user.language" value="en"/>
    <property name="java.specification.vendor" value="Oracle Corporation"/>
    <property name="java.version.date" value="2022-03-15"/>
    <property name="java.home" value="/usr/lib/jvm/java-18-openjdk-amd64"/>
    <property name="file.separator" value="/"/>
    <property name="basedir" value="/home/anton/junitmonitor/test/spark-3.2.0/streaming"/>
    <property name="java.vm.compressedOopsMode" value="Zero based"/>
    <property name="line.separator" value="&#10;"/>
    <property name="java.specification.name" value="Java Platform API Specification"/>
    <property name="java.vm.specification.vendor" value="Oracle Corporation"/>
    <property name="java.awt.headless" value="true"/>
    <property name="spark.unsafe.exceptionOnMemoryLeak" value="true"/>
    <property name="derby.system.durability" value="test"/>
    <property name="spark.ui.showConsoleProgress" value="false"/>
    <property name="surefire.real.class.path" value="/home/anton/junitmonitor/test/spark-3.2.0/streaming/target/surefire/surefirebooter3938781667047928747.jar"/>
    <property name="sun.management.compiler" value="HotSpot 64-Bit Tiered Compilers"/>
    <property name="spark.testing" value="1"/>
    <property name="java.runtime.version" value="18-ea+15-Ubuntu-4"/>
    <property name="user.name" value="anton"/>
    <property name="test.src.tables" value="src"/>
    <property name="path.separator" value=":"/>
    <property name="os.version" value="5.13.0-22-generic"/>
    <property name="java.runtime.name" value="OpenJDK Runtime Environment"/>
    <property name="file.encoding" value="UTF-8"/>
    <property name="java.vm.name" value="OpenJDK 64-Bit Server VM"/>
    <property name="localRepository" value="/home/anton/.m2/repository"/>
    <property name="java.vendor.url.bug" value="Unknown"/>
    <property name="java.io.tmpdir" value="/home/anton/junitmonitor/test/spark-3.2.0/streaming/target/tmp"/>
    <property name="java.version" value="18-ea"/>
    <property name="user.dir" value="/home/anton/junitmonitor/test/spark-3.2.0/streaming"/>
    <property name="os.arch" value="amd64"/>
    <property name="java.vm.specification.name" value="Java Virtual Machine Specification"/>
    <property name="spark.hadoop.hadoop.security.key.provider.path" value="test:///"/>
    <property name="native.encoding" value="UTF-8"/>
    <property name="java.library.path" value="/usr/java/packages/lib:/usr/lib/x86_64-linux-gnu/jni:/lib/x86_64-linux-gnu:/usr/lib/x86_64-linux-gnu:/usr/lib/jni:/lib:/usr/lib"/>
    <property name="java.vm.info" value="mixed mode, sharing"/>
    <property name="java.vendor" value="Private Build"/>
    <property name="java.vm.version" value="18-ea+15-Ubuntu-4"/>
    <property name="sun.io.unicode.encoding" value="UnicodeLittle"/>
    <property name="java.class.version" value="62.0"/>
    <property name="spark.test.home" value="/home/anton/junitmonitor/test/spark-3.2.0/streaming"/>
    <property name="spark.ui.enabled" value="false"/>
  </properties>
  <testcase name="testGreaterEq" classname="org.apache.spark.streaming.JavaDurationSuite" time="0.002"/>
  <testcase name="testDiv" classname="org.apache.spark.streaming.JavaDurationSuite" time="0"/>
  <testcase name="testMinus" classname="org.apache.spark.streaming.JavaDurationSuite" time="0"/>
  <testcase name="testTimes" classname="org.apache.spark.streaming.JavaDurationSuite" time="0"/>
  <testcase name="testLess" classname="org.apache.spark.streaming.JavaDurationSuite" time="0"/>
  <testcase name="testPlus" classname="org.apache.spark.streaming.JavaDurationSuite" time="0"/>
  <testcase name="testGreater" classname="org.apache.spark.streaming.JavaDurationSuite" time="0"/>
  <testcase name="testMinutes" classname="org.apache.spark.streaming.JavaDurationSuite" time="0.001"/>
  <testcase name="testMilliseconds" classname="org.apache.spark.streaming.JavaDurationSuite" time="0.001"/>
  <testcase name="testLessEq" classname="org.apache.spark.streaming.JavaDurationSuite" time="0"/>
  <testcase name="testSeconds" classname="org.apache.spark.streaming.JavaDurationSuite" time="0"/>
</testsuite>